/usr/local/lib64/python3.9/site-packages/scipy/__init__.py:146: UserWarning: A NumPy version >=1.16.5 and <1.23.0 is required for this version of SciPy (detected version 1.24.3
  warnings.warn(f"A NumPy version >={np_minversion} and <{np_maxversion}"
Input file is missing. Aborting! Please use -h to ask for help!
Input file is missing. Aborting! Please use -h to ask for help!
Input file is missing. Aborting! Please use -h to ask for help!
Input file is missing. Aborting! Please use -h to ask for help!
Input file is :
 F_out 
 and output file is : 
 G
CV1 periodicity is set to 
 True  

CV2 periodicity is set to (if it exists) 
 True  

CV3 periodicity is set to (if it exists) 
 True  

Free energy will be interpolated with 
 [200, 200, 200] 
 points 

Free energy will be plotted with 
 5 
 contours
Input file is :
 F_out 
 and output file is : 
 G
CV1 periodicity is set to 
 True  

CV2 periodicity is set to (if it exists) 
 True  

CV3 periodicity is set to (if it exists) 
 True  

Free energy will be interpolated with 
 [200, 200, 200] 
 points 

Free energy will be plotted with 
 5 
 contours
